<?xml version="1.0" encoding="UTF-8"?>
<testng-results total="4" passed="4" failed="0" skipped="0">
  <reporter-output>
  </reporter-output>
  <suite started-at="2018-02-13T04:30:24Z" name="Suite" finished-at="2018-02-13T04:31:08Z" duration-ms="44145">
    <groups>
    </groups>
    <test started-at="2018-02-13T04:30:24Z" name="Test2" finished-at="2018-02-13T04:30:48Z" duration-ms="24629">
      <class name="Package_1.SeleniumGrid_ParallelTest_2">
        <test-method is-config="true" signature="beforeClass(java.lang.String)[pri:0, instance:Package_1.SeleniumGrid_ParallelTest_2@1fb700ee]" started-at="2018-02-13T10:00:24Z" name="beforeClass" finished-at="2018-02-13T10:00:42Z" duration-ms="18466" status="PASS">
          <params>
            <param index="0">
              <value>
                <![CDATA[chrome]]>
              </value>
            </param>
          </params>
          <reporter-output>
          </reporter-output>
        </test-method> <!-- beforeClass -->
        <test-method signature="dropDown()[pri:0, instance:Package_1.SeleniumGrid_ParallelTest_2@1fb700ee]" started-at="2018-02-13T10:00:42Z" name="dropDown" finished-at="2018-02-13T10:00:47Z" duration-ms="4746" status="PASS">
          <reporter-output>
          </reporter-output>
        </test-method> <!-- dropDown -->
        <test-method signature="radioButton()[pri:0, instance:Package_1.SeleniumGrid_ParallelTest_2@1fb700ee]" started-at="2018-02-13T10:00:47Z" name="radioButton" finished-at="2018-02-13T10:00:47Z" duration-ms="637" status="PASS">
          <reporter-output>
          </reporter-output>
        </test-method> <!-- radioButton -->
        <test-method is-config="true" signature="tearDown()[pri:0, instance:Package_1.SeleniumGrid_ParallelTest_2@1fb700ee]" started-at="2018-02-13T10:00:48Z" name="tearDown" finished-at="2018-02-13T10:00:48Z" duration-ms="754" status="PASS">
          <reporter-output>
          </reporter-output>
        </test-method> <!-- tearDown -->
      </class> <!-- Package_1.SeleniumGrid_ParallelTest_2 -->
    </test> <!-- Test2 -->
    <test started-at="2018-02-13T04:30:24Z" name="Test1" finished-at="2018-02-13T04:31:08Z" duration-ms="44139">
      <class name="Package_1.SeleniumGrid_ParallelTest">
        <test-method is-config="true" signature="beforeClass(java.lang.String)[pri:0, instance:Package_1.SeleniumGrid_ParallelTest@17a7f733]" started-at="2018-02-13T10:00:24Z" name="beforeClass" finished-at="2018-02-13T10:01:06Z" duration-ms="42697" status="PASS">
          <params>
            <param index="0">
              <value>
                <![CDATA[Firefox]]>
              </value>
            </param>
          </params>
          <reporter-output>
          </reporter-output>
        </test-method> <!-- beforeClass -->
        <test-method signature="dropDown()[pri:0, instance:Package_1.SeleniumGrid_ParallelTest@17a7f733]" started-at="2018-02-13T10:01:06Z" name="dropDown" finished-at="2018-02-13T10:01:07Z" duration-ms="676" status="PASS">
          <reporter-output>
          </reporter-output>
        </test-method> <!-- dropDown -->
        <test-method signature="radioButton()[pri:0, instance:Package_1.SeleniumGrid_ParallelTest@17a7f733]" started-at="2018-02-13T10:01:07Z" name="radioButton" finished-at="2018-02-13T10:01:07Z" duration-ms="470" status="PASS">
          <reporter-output>
          </reporter-output>
        </test-method> <!-- radioButton -->
        <test-method is-config="true" signature="tearDown()[pri:0, instance:Package_1.SeleniumGrid_ParallelTest@17a7f733]" started-at="2018-02-13T10:01:07Z" name="tearDown" finished-at="2018-02-13T10:01:08Z" duration-ms="284" status="PASS">
          <reporter-output>
          </reporter-output>
        </test-method> <!-- tearDown -->
      </class> <!-- Package_1.SeleniumGrid_ParallelTest -->
    </test> <!-- Test1 -->
  </suite> <!-- Suite -->
</testng-results>
