<?xml version="1.0" encoding="UTF-8"?>
<testng-results total="4" passed="4" failed="0" skipped="0">
  <reporter-output>
  </reporter-output>
  <suite started-at="2018-02-25T09:31:57Z" name="Suite" finished-at="2018-02-25T09:32:59Z" duration-ms="61911">
    <groups>
    </groups>
    <test started-at="2018-02-25T09:31:57Z" name="Test2" finished-at="2018-02-25T09:32:21Z" duration-ms="23863">
      <class name="Package_1.SeleniumGrid_ParallelTest_2">
        <test-method is-config="true" signature="beforeClass(java.lang.String)[pri:0, instance:Package_1.SeleniumGrid_ParallelTest_2@1fb700ee]" started-at="2018-02-25T15:01:57Z" name="beforeClass" finished-at="2018-02-25T15:02:18Z" duration-ms="20038" status="PASS">
          <params>
            <param index="0">
              <value>
                <![CDATA[chrome]]>
              </value>
            </param>
          </params>
          <reporter-output>
          </reporter-output>
        </test-method> <!-- beforeClass -->
        <test-method signature="dropDown()[pri:0, instance:Package_1.SeleniumGrid_ParallelTest_2@1fb700ee]" started-at="2018-02-25T15:02:18Z" name="dropDown" finished-at="2018-02-25T15:02:19Z" duration-ms="1694" status="PASS">
          <reporter-output>
          </reporter-output>
        </test-method> <!-- dropDown -->
        <test-method signature="radioButton()[pri:0, instance:Package_1.SeleniumGrid_ParallelTest_2@1fb700ee]" started-at="2018-02-25T15:02:19Z" name="radioButton" finished-at="2018-02-25T15:02:20Z" duration-ms="772" status="PASS">
          <reporter-output>
          </reporter-output>
        </test-method> <!-- radioButton -->
        <test-method is-config="true" signature="tearDown()[pri:0, instance:Package_1.SeleniumGrid_ParallelTest_2@1fb700ee]" started-at="2018-02-25T15:02:20Z" name="tearDown" finished-at="2018-02-25T15:02:21Z" duration-ms="1210" status="PASS">
          <reporter-output>
          </reporter-output>
        </test-method> <!-- tearDown -->
      </class> <!-- Package_1.SeleniumGrid_ParallelTest_2 -->
    </test> <!-- Test2 -->
    <test started-at="2018-02-25T09:31:57Z" name="Test1" finished-at="2018-02-25T09:32:59Z" duration-ms="61911">
      <class name="Package_1.SeleniumGrid_ParallelTest">
        <test-method is-config="true" signature="beforeClass(java.lang.String)[pri:0, instance:Package_1.SeleniumGrid_ParallelTest@17a7f733]" started-at="2018-02-25T15:01:57Z" name="beforeClass" finished-at="2018-02-25T15:02:57Z" duration-ms="59668" status="PASS">
          <params>
            <param index="0">
              <value>
                <![CDATA[Firefox]]>
              </value>
            </param>
          </params>
          <reporter-output>
          </reporter-output>
        </test-method> <!-- beforeClass -->
        <test-method signature="dropDown()[pri:0, instance:Package_1.SeleniumGrid_ParallelTest@17a7f733]" started-at="2018-02-25T15:02:57Z" name="dropDown" finished-at="2018-02-25T15:02:58Z" duration-ms="1058" status="PASS">
          <reporter-output>
          </reporter-output>
        </test-method> <!-- dropDown -->
        <test-method signature="radioButton()[pri:0, instance:Package_1.SeleniumGrid_ParallelTest@17a7f733]" started-at="2018-02-25T15:02:58Z" name="radioButton" finished-at="2018-02-25T15:02:59Z" duration-ms="556" status="PASS">
          <reporter-output>
          </reporter-output>
        </test-method> <!-- radioButton -->
        <test-method is-config="true" signature="tearDown()[pri:0, instance:Package_1.SeleniumGrid_ParallelTest@17a7f733]" started-at="2018-02-25T15:02:59Z" name="tearDown" finished-at="2018-02-25T15:02:59Z" duration-ms="561" status="PASS">
          <reporter-output>
          </reporter-output>
        </test-method> <!-- tearDown -->
      </class> <!-- Package_1.SeleniumGrid_ParallelTest -->
    </test> <!-- Test1 -->
  </suite> <!-- Suite -->
</testng-results>
